<?xml version="1.0" encoding="UTF-8"?>
<testng-results ignored="0" total="1" passed="1" failed="0" skipped="0">
  <reporter-output>
  </reporter-output>
  <suite started-at="2020-08-15T18:38:17 IST" name="Default suite" finished-at="2020-08-15T18:39:44 IST" duration-ms="86511">
    <groups>
    </groups>
    <test started-at="2020-08-15T18:38:17 IST" name="Default test" finished-at="2020-08-15T18:39:44 IST" duration-ms="86511">
      <class name="testClasses.NoBrokerApplication">
        <test-method signature="verifyAbuseReport()[pri:0, instance:testClasses.NoBrokerApplication@6973bf95]" started-at="2020-08-15T18:38:17 IST" name="verifyAbuseReport" finished-at="2020-08-15T18:39:44 IST" duration-ms="86460" status="PASS">
          <reporter-output>
          </reporter-output>
        </test-method> <!-- verifyAbuseReport -->
      </class> <!-- testClasses.NoBrokerApplication -->
    </test> <!-- Default test -->
  </suite> <!-- Default suite -->
</testng-results>
